# Logfile created on 2011-04-25 07:38:23 +0200 by logger.rb/25413
D, [2011-04-25T07:38:23.659184 #15783] DEBUG -- : REQUESTING PAGE: GET / with {} and HTTP headers {}
D, [2011-04-25T07:38:40.565733 #15803] DEBUG -- : REQUESTING PAGE: GET / with {} and HTTP headers {}
D, [2011-04-25T07:39:42.274935 #15805] DEBUG -- : REQUESTING PAGE: GET / with {} and HTTP headers {}
D, [2011-04-25T07:40:32.718693 #15807] DEBUG -- : REQUESTING PAGE: GET / with {} and HTTP headers {}
D, [2011-04-25T07:44:10.100010 #15849] DEBUG -- : REQUESTING PAGE: GET / with {} and HTTP headers {}
D, [2011-04-25T07:49:16.351954 #16025] DEBUG -- : REQUESTING PAGE: GET / with {} and HTTP headers {}
D, [2011-04-25T07:52:54.897854 #16087] DEBUG -- : REQUESTING PAGE: GET / with {} and HTTP headers {}
D, [2011-04-25T07:52:56.827638 #16093] DEBUG -- : REQUESTING PAGE: GET / with {} and HTTP headers {}
D, [2011-04-25T07:52:58.735825 #16099] DEBUG -- : REQUESTING PAGE: GET / with {} and HTTP headers {}
D, [2011-04-25T07:53:00.671593 #16105] DEBUG -- : REQUESTING PAGE: GET / with {} and HTTP headers {}
D, [2011-04-25T07:53:02.576827 #16111] DEBUG -- : REQUESTING PAGE: GET / with {} and HTTP headers {}
D, [2011-04-25T07:53:04.514996 #16117] DEBUG -- : REQUESTING PAGE: GET / with {} and HTTP headers {}
D, [2011-04-25T07:53:06.406882 #16123] DEBUG -- : REQUESTING PAGE: GET / with {} and HTTP headers {}
D, [2011-04-25T07:53:08.321567 #16129] DEBUG -- : REQUESTING PAGE: GET / with {} and HTTP headers {}
D, [2011-04-25T07:53:10.228182 #16136] DEBUG -- : REQUESTING PAGE: GET / with {} and HTTP headers {}
D, [2011-04-25T07:53:40.103011 #16147] DEBUG -- : REQUESTING PAGE: GET / with {} and HTTP headers {}
D, [2011-04-25T07:53:42.063340 #16153] DEBUG -- : REQUESTING PAGE: GET / with {} and HTTP headers {}
D, [2011-04-25T07:53:44.000043 #16159] DEBUG -- : REQUESTING PAGE: GET / with {} and HTTP headers {}
D, [2011-04-25T07:53:45.960088 #16165] DEBUG -- : REQUESTING PAGE: GET / with {} and HTTP headers {}
D, [2011-04-25T07:53:47.920608 #16171] DEBUG -- : REQUESTING PAGE: GET / with {} and HTTP headers {}
D, [2011-04-25T07:53:49.867997 #16177] DEBUG -- : REQUESTING PAGE: GET / with {} and HTTP headers {}
D, [2011-04-25T07:54:14.598903 #16188] DEBUG -- : REQUESTING PAGE: GET / with {} and HTTP headers {}
D, [2011-04-25T07:54:16.528735 #16194] DEBUG -- : REQUESTING PAGE: GET / with {} and HTTP headers {}
D, [2011-04-25T07:54:18.422326 #16200] DEBUG -- : REQUESTING PAGE: GET / with {} and HTTP headers {}
D, [2011-04-25T07:54:20.332018 #16206] DEBUG -- : REQUESTING PAGE: GET / with {} and HTTP headers {}
D, [2011-04-25T07:54:22.261496 #16212] DEBUG -- : REQUESTING PAGE: GET / with {} and HTTP headers {}
D, [2011-04-25T07:54:24.162642 #16218] DEBUG -- : REQUESTING PAGE: GET / with {} and HTTP headers {}
D, [2011-04-25T07:54:34.971256 #16229] DEBUG -- : REQUESTING PAGE: GET / with {} and HTTP headers {}
D, [2011-04-25T07:54:36.866027 #16235] DEBUG -- : REQUESTING PAGE: GET / with {} and HTTP headers {}
D, [2011-04-25T07:55:03.893150 #16246] DEBUG -- : REQUESTING PAGE: GET / with {} and HTTP headers {}
D, [2011-04-25T07:55:05.791377 #16252] DEBUG -- : REQUESTING PAGE: GET / with {} and HTTP headers {}
D, [2011-04-25T07:55:07.669663 #16258] DEBUG -- : REQUESTING PAGE: GET / with {} and HTTP headers {}
D, [2011-04-25T07:55:14.503198 #16269] DEBUG -- : REQUESTING PAGE: GET / with {} and HTTP headers {}
D, [2011-04-25T07:55:40.454880 #16282] DEBUG -- : REQUESTING PAGE: GET / with {} and HTTP headers {}
D, [2011-04-25T07:55:42.377813 #16288] DEBUG -- : REQUESTING PAGE: GET / with {} and HTTP headers {}
D, [2011-04-25T07:55:44.288604 #16298] DEBUG -- : REQUESTING PAGE: GET / with {} and HTTP headers {}
D, [2011-04-25T07:55:46.222614 #16304] DEBUG -- : REQUESTING PAGE: GET / with {} and HTTP headers {}
D, [2011-04-25T07:55:48.143017 #16310] DEBUG -- : REQUESTING PAGE: GET / with {} and HTTP headers {}
D, [2011-04-25T07:55:50.050830 #16316] DEBUG -- : REQUESTING PAGE: GET / with {} and HTTP headers {}
D, [2011-04-25T07:55:51.952166 #16322] DEBUG -- : REQUESTING PAGE: GET / with {} and HTTP headers {}
D, [2011-04-25T07:55:53.841333 #16328] DEBUG -- : REQUESTING PAGE: GET / with {} and HTTP headers {}
D, [2011-04-25T07:55:55.776242 #16334] DEBUG -- : REQUESTING PAGE: GET / with {} and HTTP headers {}
D, [2011-04-25T07:55:57.685265 #16340] DEBUG -- : REQUESTING PAGE: GET / with {} and HTTP headers {}
D, [2011-04-25T07:55:59.571082 #16346] DEBUG -- : REQUESTING PAGE: GET / with {} and HTTP headers {}
D, [2011-04-25T07:56:12.890279 #16358] DEBUG -- : REQUESTING PAGE: GET / with {} and HTTP headers {}
D, [2011-04-25T07:56:14.796941 #16364] DEBUG -- : REQUESTING PAGE: GET / with {} and HTTP headers {}
D, [2011-04-25T07:56:16.693380 #16370] DEBUG -- : REQUESTING PAGE: GET / with {} and HTTP headers {}
D, [2011-04-25T07:56:18.573998 #16376] DEBUG -- : REQUESTING PAGE: GET / with {} and HTTP headers {}
D, [2011-04-25T07:56:20.497761 #16382] DEBUG -- : REQUESTING PAGE: GET / with {} and HTTP headers {}
D, [2011-04-25T07:56:22.431370 #16388] DEBUG -- : REQUESTING PAGE: GET / with {} and HTTP headers {}
D, [2011-04-25T07:56:24.391792 #16395] DEBUG -- : REQUESTING PAGE: GET / with {} and HTTP headers {}
D, [2011-04-25T07:56:26.337475 #16401] DEBUG -- : REQUESTING PAGE: GET / with {} and HTTP headers {}
D, [2011-04-25T07:56:28.278972 #16407] DEBUG -- : REQUESTING PAGE: GET / with {} and HTTP headers {}
D, [2011-04-25T07:57:53.515740 #16422] DEBUG -- : REQUESTING PAGE: GET / with {} and HTTP headers {}
D, [2011-04-25T07:57:55.403625 #16428] DEBUG -- : REQUESTING PAGE: GET / with {} and HTTP headers {}
D, [2011-04-25T07:58:54.396209 #16461] DEBUG -- : REQUESTING PAGE: GET / with {} and HTTP headers {}
D, [2011-04-25T07:58:56.324457 #16467] DEBUG -- : REQUESTING PAGE: GET / with {} and HTTP headers {}
D, [2011-04-25T07:58:58.254444 #16473] DEBUG -- : REQUESTING PAGE: GET / with {} and HTTP headers {}
D, [2011-04-25T07:59:20.920861 #16492] DEBUG -- : REQUESTING PAGE: GET / with {} and HTTP headers {}
D, [2011-04-25T07:59:22.729352 #16498] DEBUG -- : REQUESTING PAGE: GET / with {} and HTTP headers {}
D, [2011-04-25T07:59:24.544420 #16504] DEBUG -- : REQUESTING PAGE: GET / with {} and HTTP headers {}
D, [2011-04-25T07:59:26.364325 #16510] DEBUG -- : REQUESTING PAGE: GET / with {} and HTTP headers {}
D, [2011-04-25T07:59:28.196394 #16516] DEBUG -- : REQUESTING PAGE: GET / with {} and HTTP headers {}
D, [2011-04-25T07:59:30.028661 #16522] DEBUG -- : REQUESTING PAGE: GET / with {} and HTTP headers {}
D, [2011-04-25T07:59:31.850758 #16528] DEBUG -- : REQUESTING PAGE: GET / with {} and HTTP headers {}
D, [2011-04-25T08:00:08.614769 #16552] DEBUG -- : REQUESTING PAGE: GET / with {} and HTTP headers {}
D, [2011-04-25T08:00:10.497166 #16558] DEBUG -- : REQUESTING PAGE: GET / with {} and HTTP headers {}
D, [2011-04-25T08:00:12.397898 #16564] DEBUG -- : REQUESTING PAGE: GET / with {} and HTTP headers {}
D, [2011-04-25T08:00:14.289264 #16570] DEBUG -- : REQUESTING PAGE: GET / with {} and HTTP headers {}
D, [2011-04-25T08:00:16.184823 #16576] DEBUG -- : REQUESTING PAGE: GET / with {} and HTTP headers {}
D, [2011-04-25T08:00:18.117541 #16582] DEBUG -- : REQUESTING PAGE: GET / with {} and HTTP headers {}
D, [2011-04-25T08:00:20.024422 #16588] DEBUG -- : REQUESTING PAGE: GET / with {} and HTTP headers {}
D, [2011-04-25T08:00:21.948389 #16594] DEBUG -- : REQUESTING PAGE: GET / with {} and HTTP headers {}
D, [2011-04-25T08:01:00.758529 #16618] DEBUG -- : REQUESTING PAGE: GET / with {} and HTTP headers {}
D, [2011-04-25T08:01:02.638813 #16624] DEBUG -- : REQUESTING PAGE: GET / with {} and HTTP headers {}
D, [2011-04-25T08:01:04.533722 #16630] DEBUG -- : REQUESTING PAGE: GET / with {} and HTTP headers {}
D, [2011-04-25T08:01:06.435032 #16636] DEBUG -- : REQUESTING PAGE: GET / with {} and HTTP headers {}
D, [2011-04-25T08:01:08.321306 #16642] DEBUG -- : REQUESTING PAGE: GET / with {} and HTTP headers {}
D, [2011-04-25T08:01:10.220695 #16648] DEBUG -- : REQUESTING PAGE: GET / with {} and HTTP headers {}
D, [2011-04-25T08:01:12.102508 #16654] DEBUG -- : REQUESTING PAGE: GET / with {} and HTTP headers {}
D, [2011-04-25T08:02:47.700823 #16728] DEBUG -- : REQUESTING PAGE: GET / with {} and HTTP headers {}
D, [2011-04-25T08:02:49.684815 #16734] DEBUG -- : REQUESTING PAGE: GET / with {} and HTTP headers {}
D, [2011-04-25T08:02:51.646744 #16740] DEBUG -- : REQUESTING PAGE: GET / with {} and HTTP headers {}
D, [2011-04-25T08:02:53.602590 #16746] DEBUG -- : REQUESTING PAGE: GET / with {} and HTTP headers {}
D, [2011-04-25T08:02:55.540929 #16752] DEBUG -- : REQUESTING PAGE: GET / with {} and HTTP headers {}
D, [2011-04-25T08:02:57.437486 #16758] DEBUG -- : REQUESTING PAGE: GET / with {} and HTTP headers {}
D, [2011-04-25T08:02:59.321907 #16764] DEBUG -- : REQUESTING PAGE: GET / with {} and HTTP headers {}
D, [2011-04-25T08:03:01.186772 #16770] DEBUG -- : REQUESTING PAGE: GET / with {} and HTTP headers {}
D, [2011-04-25T08:03:02.996631 #16776] DEBUG -- : REQUESTING PAGE: GET / with {} and HTTP headers {}
D, [2011-04-25T08:03:04.805974 #16782] DEBUG -- : REQUESTING PAGE: GET / with {} and HTTP headers {}
D, [2011-04-25T08:03:06.623612 #16788] DEBUG -- : REQUESTING PAGE: GET / with {} and HTTP headers {}
D, [2011-04-25T08:03:08.454150 #16794] DEBUG -- : REQUESTING PAGE: GET / with {} and HTTP headers {}
D, [2011-04-25T08:03:10.326673 #16800] DEBUG -- : REQUESTING PAGE: GET / with {} and HTTP headers {}
D, [2011-04-25T08:03:12.193504 #16806] DEBUG -- : REQUESTING PAGE: GET / with {} and HTTP headers {}
D, [2011-04-25T08:03:14.054245 #16812] DEBUG -- : REQUESTING PAGE: GET / with {} and HTTP headers {}
D, [2011-04-25T08:03:15.902160 #16818] DEBUG -- : REQUESTING PAGE: GET / with {} and HTTP headers {}
D, [2011-04-25T08:03:17.786676 #16824] DEBUG -- : REQUESTING PAGE: GET / with {} and HTTP headers {}
D, [2011-04-25T08:03:19.677039 #16830] DEBUG -- : REQUESTING PAGE: GET / with {} and HTTP headers {}
D, [2011-04-25T08:03:21.542741 #16836] DEBUG -- : REQUESTING PAGE: GET / with {} and HTTP headers {}
D, [2011-04-25T08:03:29.759357 #16848] DEBUG -- : REQUESTING PAGE: GET / with {} and HTTP headers {}
D, [2011-04-25T08:03:30.624537 #16854] DEBUG -- : REQUESTING PAGE: GET / with {} and HTTP headers {}
D, [2011-04-25T08:03:31.476152 #16860] DEBUG -- : REQUESTING PAGE: GET / with {} and HTTP headers {}
D, [2011-04-25T08:03:32.334991 #16866] DEBUG -- : REQUESTING PAGE: GET / with {} and HTTP headers {}
D, [2011-04-25T08:03:33.179266 #16872] DEBUG -- : REQUESTING PAGE: GET / with {} and HTTP headers {}
D, [2011-04-25T08:05:38.740305 #16908] DEBUG -- : REQUESTING PAGE: GET / with {} and HTTP headers {}
D, [2011-04-25T08:05:39.991902 #16914] DEBUG -- : REQUESTING PAGE: GET / with {} and HTTP headers {}
D, [2011-04-25T08:05:41.223609 #16920] DEBUG -- : REQUESTING PAGE: GET / with {} and HTTP headers {}
D, [2011-04-25T08:13:28.748858 #17167] DEBUG -- : REQUESTING PAGE: GET / with {} and HTTP headers {}
D, [2011-04-25T08:13:30.719643 #17173] DEBUG -- : REQUESTING PAGE: GET / with {} and HTTP headers {}
D, [2011-04-25T08:13:32.699561 #17179] DEBUG -- : REQUESTING PAGE: GET / with {} and HTTP headers {}
D, [2011-04-25T08:13:34.690863 #17185] DEBUG -- : REQUESTING PAGE: GET / with {} and HTTP headers {}
D, [2011-04-25T08:17:36.912457 #17212] DEBUG -- : REQUESTING PAGE: GET / with {} and HTTP headers {}
D, [2011-04-25T08:17:44.768772 #17215] DEBUG -- : REQUESTING PAGE: GET / with {} and HTTP headers {}
D, [2011-04-25T08:17:46.723416 #17221] DEBUG -- : REQUESTING PAGE: GET / with {} and HTTP headers {}
D, [2011-04-25T08:17:48.676884 #17227] DEBUG -- : REQUESTING PAGE: GET / with {} and HTTP headers {}
D, [2011-04-25T08:17:50.636919 #17233] DEBUG -- : REQUESTING PAGE: GET / with {} and HTTP headers {}
D, [2011-04-25T08:17:52.613310 #17239] DEBUG -- : REQUESTING PAGE: GET / with {} and HTTP headers {}
D, [2011-04-25T08:17:54.589456 #17245] DEBUG -- : REQUESTING PAGE: GET / with {} and HTTP headers {}
D, [2011-04-25T08:17:56.549119 #17251] DEBUG -- : REQUESTING PAGE: GET / with {} and HTTP headers {}
D, [2011-04-25T08:17:58.533094 #17257] DEBUG -- : REQUESTING PAGE: GET / with {} and HTTP headers {}
D, [2011-04-25T08:18:00.524713 #17263] DEBUG -- : REQUESTING PAGE: GET / with {} and HTTP headers {}
D, [2011-04-25T08:18:02.522248 #17269] DEBUG -- : REQUESTING PAGE: GET / with {} and HTTP headers {}
D, [2011-04-25T08:18:04.531107 #17275] DEBUG -- : REQUESTING PAGE: GET / with {} and HTTP headers {}
D, [2011-04-25T08:18:06.540850 #17281] DEBUG -- : REQUESTING PAGE: GET / with {} and HTTP headers {}
D, [2011-04-25T08:18:08.501813 #17287] DEBUG -- : REQUESTING PAGE: GET / with {} and HTTP headers {}
D, [2011-04-25T08:18:10.457277 #17293] DEBUG -- : REQUESTING PAGE: GET / with {} and HTTP headers {}
D, [2011-04-25T08:18:12.430568 #17299] DEBUG -- : REQUESTING PAGE: GET / with {} and HTTP headers {}
D, [2011-04-25T08:18:14.413063 #17305] DEBUG -- : REQUESTING PAGE: GET / with {} and HTTP headers {}
D, [2011-04-25T08:18:16.372068 #17311] DEBUG -- : REQUESTING PAGE: GET / with {} and HTTP headers {}
D, [2011-04-25T08:18:18.358297 #17317] DEBUG -- : REQUESTING PAGE: GET / with {} and HTTP headers {}
D, [2011-04-25T08:18:20.320916 #17323] DEBUG -- : REQUESTING PAGE: GET / with {} and HTTP headers {}
D, [2011-04-25T08:18:22.297215 #17329] DEBUG -- : REQUESTING PAGE: GET / with {} and HTTP headers {}
D, [2011-04-25T08:18:24.275589 #17335] DEBUG -- : REQUESTING PAGE: GET / with {} and HTTP headers {}
D, [2011-04-25T08:18:26.251616 #17341] DEBUG -- : REQUESTING PAGE: GET / with {} and HTTP headers {}
D, [2011-04-25T08:18:28.216770 #17347] DEBUG -- : REQUESTING PAGE: GET / with {} and HTTP headers {}
D, [2011-04-25T08:18:30.174041 #17353] DEBUG -- : REQUESTING PAGE: GET / with {} and HTTP headers {}
D, [2011-04-25T08:18:32.134142 #17359] DEBUG -- : REQUESTING PAGE: GET / with {} and HTTP headers {}
D, [2011-04-25T08:18:34.119966 #17365] DEBUG -- : REQUESTING PAGE: GET / with {} and HTTP headers {}
D, [2011-04-25T08:18:36.079586 #17371] DEBUG -- : REQUESTING PAGE: GET / with {} and HTTP headers {}
D, [2011-04-25T08:18:38.020731 #17377] DEBUG -- : REQUESTING PAGE: GET / with {} and HTTP headers {}
D, [2011-04-25T08:18:39.989663 #17383] DEBUG -- : REQUESTING PAGE: GET / with {} and HTTP headers {}
D, [2011-04-25T08:18:41.955649 #17389] DEBUG -- : REQUESTING PAGE: GET / with {} and HTTP headers {}
D, [2011-04-25T08:18:43.914248 #17395] DEBUG -- : REQUESTING PAGE: GET / with {} and HTTP headers {}
D, [2011-04-25T08:18:45.872782 #17401] DEBUG -- : REQUESTING PAGE: GET / with {} and HTTP headers {}
D, [2011-04-25T08:18:47.823996 #17407] DEBUG -- : REQUESTING PAGE: GET / with {} and HTTP headers {}
D, [2011-04-25T08:18:49.812456 #17413] DEBUG -- : REQUESTING PAGE: GET / with {} and HTTP headers {}
D, [2011-04-25T08:18:51.775362 #17419] DEBUG -- : REQUESTING PAGE: GET / with {} and HTTP headers {}
D, [2011-04-25T08:18:53.731316 #17425] DEBUG -- : REQUESTING PAGE: GET / with {} and HTTP headers {}
D, [2011-04-25T08:18:55.696733 #17431] DEBUG -- : REQUESTING PAGE: GET / with {} and HTTP headers {}
D, [2011-04-25T08:18:57.674383 #17437] DEBUG -- : REQUESTING PAGE: GET / with {} and HTTP headers {}
D, [2011-04-25T08:18:59.642833 #17443] DEBUG -- : REQUESTING PAGE: GET / with {} and HTTP headers {}
D, [2011-04-25T08:19:01.603408 #17449] DEBUG -- : REQUESTING PAGE: GET / with {} and HTTP headers {}
D, [2011-04-25T08:19:03.560510 #17455] DEBUG -- : REQUESTING PAGE: GET / with {} and HTTP headers {}
D, [2011-04-25T08:19:05.548238 #17461] DEBUG -- : REQUESTING PAGE: GET / with {} and HTTP headers {}
D, [2011-04-25T08:19:07.521904 #17468] DEBUG -- : REQUESTING PAGE: GET / with {} and HTTP headers {}
D, [2011-04-25T08:19:09.469748 #17474] DEBUG -- : REQUESTING PAGE: GET / with {} and HTTP headers {}
D, [2011-04-25T08:19:11.438107 #17480] DEBUG -- : REQUESTING PAGE: GET / with {} and HTTP headers {}
D, [2011-04-25T08:19:16.969847 #17489] DEBUG -- : REQUESTING PAGE: GET / with {} and HTTP headers {}
D, [2011-04-25T08:19:20.986136 #17490] DEBUG -- : REQUESTING PAGE: GET / with {} and HTTP headers {}
D, [2011-04-25T08:20:20.742693 #17514] DEBUG -- : REQUESTING PAGE: GET / with {} and HTTP headers {}
D, [2011-04-25T08:20:20.757567 #17514] DEBUG -- : REQUESTING PAGE: GET /whois/makevoid.com with {} and HTTP headers {}
D, [2011-04-25T08:20:46.825759 #17536] DEBUG -- : REQUESTING PAGE: GET / with {} and HTTP headers {}
D, [2011-04-25T08:20:46.840800 #17536] DEBUG -- : REQUESTING PAGE: GET /whois/makevoid.com with {} and HTTP headers {}
D, [2011-04-25T08:21:19.804222 #17556] DEBUG -- : REQUESTING PAGE: GET / with {} and HTTP headers {}
D, [2011-04-25T08:21:19.819047 #17556] DEBUG -- : REQUESTING PAGE: GET /whois/makevoid.com with {} and HTTP headers {}
D, [2011-04-25T08:21:46.049992 #17577] DEBUG -- : REQUESTING PAGE: GET / with {} and HTTP headers {}
D, [2011-04-25T08:21:46.065036 #17577] DEBUG -- : REQUESTING PAGE: GET /whois/makevoid.com with {} and HTTP headers {}
D, [2011-04-25T08:21:47.822641 #17577] DEBUG -- : REQUESTING PAGE: GET /whois/?name=makevoid.com with {} and HTTP headers {}
D, [2011-04-25T08:23:21.907792 #17599] DEBUG -- : REQUESTING PAGE: GET / with {} and HTTP headers {}
D, [2011-04-25T08:23:21.922531 #17599] DEBUG -- : REQUESTING PAGE: GET /whois/makevoid.com with {} and HTTP headers {}
D, [2011-04-25T08:23:23.331520 #17599] DEBUG -- : REQUESTING PAGE: GET /whois/?name=makevoid.com with {} and HTTP headers {}
D, [2011-04-25T08:23:24.251905 #17599] DEBUG -- : REQUESTING PAGE: GET /whois/makevoid.com.js with {} and HTTP headers {}
D, [2011-04-25T08:23:44.304891 #17620] DEBUG -- : REQUESTING PAGE: GET / with {} and HTTP headers {}
D, [2011-04-25T08:23:44.320243 #17620] DEBUG -- : REQUESTING PAGE: GET /whois/makevoid.com with {} and HTTP headers {}
D, [2011-04-25T08:23:45.586899 #17620] DEBUG -- : REQUESTING PAGE: GET /whois/?name=makevoid.com with {} and HTTP headers {}
D, [2011-04-25T08:23:46.695830 #17620] DEBUG -- : REQUESTING PAGE: GET /whois/makevoid.com.js with {} and HTTP headers {}
D, [2011-04-25T08:24:00.811689 #17640] DEBUG -- : REQUESTING PAGE: GET / with {} and HTTP headers {}
D, [2011-04-25T08:24:00.826165 #17640] DEBUG -- : REQUESTING PAGE: GET /whois/makevoid.com with {} and HTTP headers {}
D, [2011-04-25T08:24:02.014703 #17640] DEBUG -- : REQUESTING PAGE: GET /whois/?name=makevoid.com with {} and HTTP headers {}
D, [2011-04-25T08:24:02.990547 #17640] DEBUG -- : REQUESTING PAGE: GET /whois/makevoid.com.js with {} and HTTP headers {}
D, [2011-04-25T08:24:14.732238 #17660] DEBUG -- : REQUESTING PAGE: GET / with {} and HTTP headers {}
D, [2011-04-25T08:24:14.747415 #17660] DEBUG -- : REQUESTING PAGE: GET /whois/makevoid.com with {} and HTTP headers {}
D, [2011-04-25T08:24:15.785267 #17660] DEBUG -- : REQUESTING PAGE: GET /whois/?name=makevoid.com with {} and HTTP headers {}
D, [2011-04-25T08:24:17.867039 #17660] DEBUG -- : REQUESTING PAGE: GET /whois/makevoid.com.js with {} and HTTP headers {}
